Temp/gradleOut/unityLibrary/build/intermediates/manifest_merge_blame_file/release/manifest-merger-blame-release-report.txt
1<?xml version="1.0" encoding="utf-8"?>
2<!-- GENERATED BY UNITY. REMOVE THIS COMMENT TO PREVENT OVERWRITING WHEN EXPORTING AGAIN -->
3<manifest xmlns:android="http://schemas.android.com/apk/res/android"
4    xmlns:tools="http://schemas.android.com/tools"
5    package="com.unity3d.player"
6    android:versionCode="1"
7    android:versionName="0.1" >
8
9    <uses-sdk
10        android:minSdkVersion="19"
10-->src\main\AndroidManifest.xml
11        android:targetSdkVersion="28" />
11-->src\main\AndroidManifest.xml
12
13    <string name="server_client_id" >525013386739-k4tfkg3ri0gesc0c3103fm2vpr5e0tmh.apps.googleusercontent.com
13-->src\main\AndroidManifest.xml:4:3-116
13-->src\main\AndroidManifest.xml:4:11-34
14    </string>
15    <!-- 인터넷 사용 권한 설정 -->
16    <uses-permission android:name="android.permission.INTERNET" />
16-->src\main\AndroidManifest.xml:6:3-65
16-->src\main\AndroidManifest.xml:6:20-62
17
18    <uses-feature android:glEsVersion="0x00030000" />
18-->src\main\AndroidManifest.xml:23:3-52
18-->src\main\AndroidManifest.xml:23:17-49
19    <uses-feature
19-->src\main\AndroidManifest.xml:24:3-91
20        android:name="android.hardware.vulkan.version"
20-->src\main\AndroidManifest.xml:24:17-63
21        android:required="false" />
21-->src\main\AndroidManifest.xml:24:64-88
22    <uses-feature
22-->src\main\AndroidManifest.xml:25:3-88
23        android:name="android.hardware.touchscreen"
23-->src\main\AndroidManifest.xml:25:17-60
24        android:required="false" />
24-->src\main\AndroidManifest.xml:25:61-85
25    <uses-feature
25-->src\main\AndroidManifest.xml:26:3-99
26        android:name="android.hardware.touchscreen.multitouch"
26-->src\main\AndroidManifest.xml:26:17-71
27        android:required="false" />
27-->src\main\AndroidManifest.xml:26:72-96
28    <uses-feature
28-->src\main\AndroidManifest.xml:27:3-108
29        android:name="android.hardware.touchscreen.multitouch.distinct"
29-->src\main\AndroidManifest.xml:27:17-80
30        android:required="false" />
30-->src\main\AndroidManifest.xml:27:81-105
31
32    <application>
32-->src\main\AndroidManifest.xml:7:3-22:17
33        <activity
33-->src\main\AndroidManifest.xml:8:5-17:16
34            android:name="com.unity3d.player.UnityPlayerActivity"
34-->src\main\AndroidManifest.xml:8:15-68
35            android:configChanges="mcc|mnc|locale|touchscreen|keyboard|keyboardHidden|navigation|orientation|screenLayout|uiMode|screenSize|smallestScreenSize|fontScale|layoutDirection|density"
35-->src\main\AndroidManifest.xml:8:182-363
36            android:hardwareAccelerated="false"
36-->src\main\AndroidManifest.xml:8:364-399
37            android:launchMode="singleTask"
37-->src\main\AndroidManifest.xml:8:150-181
38            android:screenOrientation="fullSensor"
38-->src\main\AndroidManifest.xml:8:111-149
39            android:theme="@style/UnityThemeSelector" >
39-->src\main\AndroidManifest.xml:8:69-110
40            <intent-filter>
40-->src\main\AndroidManifest.xml:9:7-14:23
41                <action android:name="android.intent.action.MAIN" />
41-->src\main\AndroidManifest.xml:10:9-61
41-->src\main\AndroidManifest.xml:10:17-58
42
43                <category android:name="android.intent.category.LAUNCHER" />
43-->src\main\AndroidManifest.xml:11:9-69
43-->src\main\AndroidManifest.xml:11:19-66
44                <!-- Redirect URI: "kakao{NATIVE_APP_KEY}://oauth“ -->
45                <data
45-->src\main\AndroidManifest.xml:13:9-93
46                    android:host="oauth"
46-->src\main\AndroidManifest.xml:13:15-35
47                    android:scheme="kakao5709e85e8dde707c6c2e55dfeed3e3ce" />
47-->src\main\AndroidManifest.xml:13:36-90
48            </intent-filter>
49
50            <meta-data
50-->src\main\AndroidManifest.xml:15:7-82
51                android:name="unityplayer.UnityActivity"
51-->src\main\AndroidManifest.xml:15:18-58
52                android:value="true" />
52-->src\main\AndroidManifest.xml:15:59-79
53            <meta-data
53-->src\main\AndroidManifest.xml:16:7-78
54                android:name="android.notch_support"
54-->src\main\AndroidManifest.xml:16:18-54
55                android:value="true" />
55-->src\main\AndroidManifest.xml:16:55-75
56        </activity>
57
58        <meta-data
58-->src\main\AndroidManifest.xml:18:5-69
59            android:name="unity.splash-mode"
59-->src\main\AndroidManifest.xml:18:16-48
60            android:value="0" />
60-->src\main\AndroidManifest.xml:18:49-66
61        <meta-data
61-->src\main\AndroidManifest.xml:19:5-74
62            android:name="unity.splash-enable"
62-->src\main\AndroidManifest.xml:19:16-50
63            android:value="True" />
63-->src\main\AndroidManifest.xml:19:51-71
64        <meta-data
64-->src\main\AndroidManifest.xml:20:5-81
65            android:name="notch.config"
65-->src\main\AndroidManifest.xml:20:16-43
66            android:value="portrait|landscape" />
66-->src\main\AndroidManifest.xml:20:44-78
67        <meta-data
67-->src\main\AndroidManifest.xml:21:5-101
68            android:name="unity.build-id"
68-->src\main\AndroidManifest.xml:21:16-45
69            android:value="708d2f00-27b7-4f8a-b4f9-08801c344a4f" />
69-->src\main\AndroidManifest.xml:21:46-98
70    </application>
71
72</manifest>